app/build/intermediates/manifest_merge_blame_file/debug/manifest-merger-blame-debug-report.txt
1<?xml version="1.0" encoding="utf-8"?>
2<manifest xmlns:android="http://schemas.android.com/apk/res/android"
3    package="com.aistudio.pinangflow.kwgbyz"
4    android:versionCode="1"
5    android:versionName="1.0" >
6
7    <uses-sdk
8        android:minSdkVersion="26"
9        android:targetSdkVersion="35" />
10
11    <uses-permission android:name="android.permission.INTERNET" />
11-->src/main/AndroidManifest.xml:5:5-67
11-->src/main/AndroidManifest.xml:5:22-64
12    <uses-permission android:name="android.permission.ACCESS_NETWORK_STATE" />
12-->src/main/AndroidManifest.xml:6:5-79
12-->src/main/AndroidManifest.xml:6:22-76
13    <uses-permission android:name="android.permission.CAMERA" />
13-->src/main/AndroidManifest.xml:7:5-65
13-->src/main/AndroidManifest.xml:7:22-62
14
15    <uses-feature android:name="android.hardware.camera" />
15-->src/main/AndroidManifest.xml:8:5-60
15-->src/main/AndroidManifest.xml:8:19-57
16
17    <uses-permission android:name="android.permission.ACCESS_COARSE_LOCATION" />
17-->src/main/AndroidManifest.xml:9:5-81
17-->src/main/AndroidManifest.xml:9:22-78
18    <uses-permission android:name="android.permission.ACCESS_FINE_LOCATION" />
18-->src/main/AndroidManifest.xml:10:5-79
18-->src/main/AndroidManifest.xml:10:22-76
19    <uses-permission android:name="android.permission.WAKE_LOCK" />
19-->[androidx.work:work-runtime:2.10.0] AndroidManifest.xml:23:5-68
19-->[androidx.work:work-runtime:2.10.0] AndroidManifest.xml:23:22-65
20    <uses-permission android:name="android.permission.RECEIVE_BOOT_COMPLETED" />
20-->[androidx.work:work-runtime:2.10.0] AndroidManifest.xml:25:5-81
20-->[androidx.work:work-runtime:2.10.0] AndroidManifest.xml:25:22-78
21    <uses-permission android:name="android.permission.FOREGROUND_SERVICE" />
21-->[androidx.work:work-runtime:2.10.0] AndroidManifest.xml:26:5-77
21-->[androidx.work:work-runtime:2.10.0] AndroidManifest.xml:26:22-74
22
23    <permission
23-->[androidx.core:core:1.15.0] AndroidManifest.xml:22:5-24:47
24        android:name="com.aistudio.pinangflow.kwgbyz.DYNAMIC_RECEIVER_NOT_EXPORTED_PERMISSION"
24-->[androidx.core:core:1.15.0] AndroidManifest.xml:23:9-81
25        android:protectionLevel="signature" />
25-->[androidx.core:core:1.15.0] AndroidManifest.xml:24:9-44
26
27    <uses-permission android:name="com.aistudio.pinangflow.kwgbyz.DYNAMIC_RECEIVER_NOT_EXPORTED_PERMISSION" />
27-->[androidx.core:core:1.15.0] AndroidManifest.xml:26:5-97
27-->[androidx.core:core:1.15.0] AndroidManifest.xml:26:22-94
28    <uses-permission android:name="com.google.android.providers.gsf.permission.READ_GSERVICES" />
28-->[com.google.android.recaptcha:recaptcha:18.4.0] AndroidManifest.xml:9:5-98
28-->[com.google.android.recaptcha:recaptcha:18.4.0] AndroidManifest.xml:9:22-95
29
30    <application
30-->src/main/AndroidManifest.xml:12:5-45:19
31        android:name="com.pinangflow.app.PinangFlowApp"
31-->src/main/AndroidManifest.xml:13:9-38
32        android:allowBackup="true"
32-->src/main/AndroidManifest.xml:14:9-35
33        android:appComponentFactory="androidx.core.app.CoreComponentFactory"
33-->[androidx.core:core:1.15.0] AndroidManifest.xml:28:18-86
34        android:dataExtractionRules="@xml/data_extraction_rules"
34-->src/main/AndroidManifest.xml:15:9-65
35        android:debuggable="true"
36        android:extractNativeLibs="false"
37        android:fullBackupContent="@xml/backup_rules"
37-->src/main/AndroidManifest.xml:16:9-54
38        android:icon="@mipmap/ic_launcher"
38-->src/main/AndroidManifest.xml:17:9-43
39        android:label="@string/app_name"
39-->src/main/AndroidManifest.xml:18:9-41
40        android:networkSecurityConfig="@xml/network_security_config"
40-->src/main/AndroidManifest.xml:22:9-69
41        android:roundIcon="@mipmap/ic_launcher_round"
41-->src/main/AndroidManifest.xml:19:9-54
42        android:supportsRtl="true"
42-->src/main/AndroidManifest.xml:20:9-35
43        android:theme="@style/Theme.PinangFlow" >
43-->src/main/AndroidManifest.xml:21:9-48
44        <provider
45            android:name="androidx.startup.InitializationProvider"
45-->src/main/AndroidManifest.xml:26:13-67
46            android:authorities="com.aistudio.pinangflow.kwgbyz.androidx-startup"
46-->src/main/AndroidManifest.xml:27:13-68
47            android:exported="false" >
47-->src/main/AndroidManifest.xml:28:13-37
48            <meta-data
48-->[androidx.emoji2:emoji2:1.3.0] AndroidManifest.xml:29:13-31:52
49                android:name="androidx.emoji2.text.EmojiCompatInitializer"
49-->[androidx.emoji2:emoji2:1.3.0] AndroidManifest.xml:30:17-75
50                android:value="androidx.startup" />
50-->[androidx.emoji2:emoji2:1.3.0] AndroidManifest.xml:31:17-49
51            <meta-data
51-->[androidx.lifecycle:lifecycle-process:2.8.7] AndroidManifest.xml:29:13-31:52
52                android:name="androidx.lifecycle.ProcessLifecycleInitializer"
52-->[androidx.lifecycle:lifecycle-process:2.8.7] AndroidManifest.xml:30:17-78
53                android:value="androidx.startup" />
53-->[androidx.lifecycle:lifecycle-process:2.8.7] AndroidManifest.xml:31:17-49
54            <meta-data
54-->[androidx.profileinstaller:profileinstaller:1.3.1] AndroidManifest.xml:29:13-31:52
55                android:name="androidx.profileinstaller.ProfileInstallerInitializer"
55-->[androidx.profileinstaller:profileinstaller:1.3.1] AndroidManifest.xml:30:17-85
56                android:value="androidx.startup" />
56-->[androidx.profileinstaller:profileinstaller:1.3.1] AndroidManifest.xml:31:17-49
57        </provider>
58
59        <activity
59-->src/main/AndroidManifest.xml:36:9-44:20
60            android:name="com.pinangflow.app.MainActivity"
60-->src/main/AndroidManifest.xml:37:13-41
61            android:exported="true"
61-->src/main/AndroidManifest.xml:38:13-36
62            android:theme="@style/Theme.PinangFlow" >
62-->src/main/AndroidManifest.xml:39:13-52
63            <intent-filter>
63-->src/main/AndroidManifest.xml:40:13-43:29
64                <action android:name="android.intent.action.MAIN" />
64-->src/main/AndroidManifest.xml:41:17-69
64-->src/main/AndroidManifest.xml:41:25-66
65
66                <category android:name="android.intent.category.LAUNCHER" />
66-->src/main/AndroidManifest.xml:42:17-77
66-->src/main/AndroidManifest.xml:42:27-74
67            </intent-filter>
68        </activity>
69
70        <service
70-->[com.google.firebase:firebase-auth-ktx:23.0.0] AndroidManifest.xml:8:9-14:19
71            android:name="com.google.firebase.components.ComponentDiscoveryService"
71-->[com.google.firebase:firebase-auth-ktx:23.0.0] AndroidManifest.xml:9:13-84
72            android:directBootAware="true"
72-->[com.google.firebase:firebase-common:21.0.0] AndroidManifest.xml:32:13-43
73            android:exported="false" >
73-->[com.google.firebase:firebase-auth-ktx:23.0.0] AndroidManifest.xml:10:13-37
74            <meta-data
74-->[com.google.firebase:firebase-auth-ktx:23.0.0] AndroidManifest.xml:11:13-13:85
75                android:name="com.google.firebase.components:com.google.firebase.auth.ktx.FirebaseAuthLegacyRegistrar"
75-->[com.google.firebase:firebase-auth-ktx:23.0.0] AndroidManifest.xml:12:17-119
76                android:value="com.google.firebase.components.ComponentRegistrar" />
76-->[com.google.firebase:firebase-auth-ktx:23.0.0] AndroidManifest.xml:13:17-82
77            <meta-data
77-->[com.google.firebase:firebase-auth:23.0.0] AndroidManifest.xml:69:13-71:85
78                android:name="com.google.firebase.components:com.google.firebase.auth.FirebaseAuthRegistrar"
78-->[com.google.firebase:firebase-auth:23.0.0] AndroidManifest.xml:70:17-109
79                android:value="com.google.firebase.components.ComponentRegistrar" />
79-->[com.google.firebase:firebase-auth:23.0.0] AndroidManifest.xml:71:17-82
80            <meta-data
80-->[com.google.firebase:firebase-firestore-ktx:25.0.0] AndroidManifest.xml:12:13-14:85
81                android:name="com.google.firebase.components:com.google.firebase.firestore.ktx.FirebaseFirestoreLegacyRegistrar"
81-->[com.google.firebase:firebase-firestore-ktx:25.0.0] AndroidManifest.xml:13:17-129
82                android:value="com.google.firebase.components.ComponentRegistrar" />
82-->[com.google.firebase:firebase-firestore-ktx:25.0.0] AndroidManifest.xml:14:17-82
83            <meta-data
83-->[com.google.firebase:firebase-firestore:25.0.0] AndroidManifest.xml:17:13-19:85
84                android:name="com.google.firebase.components:com.google.firebase.firestore.FirebaseFirestoreKtxRegistrar"
84-->[com.google.firebase:firebase-firestore:25.0.0] AndroidManifest.xml:18:17-122
85                android:value="com.google.firebase.components.ComponentRegistrar" />
85-->[com.google.firebase:firebase-firestore:25.0.0] AndroidManifest.xml:19:17-82
86            <meta-data
86-->[com.google.firebase:firebase-firestore:25.0.0] AndroidManifest.xml:20:13-22:85
87                android:name="com.google.firebase.components:com.google.firebase.firestore.FirestoreRegistrar"
87-->[com.google.firebase:firebase-firestore:25.0.0] AndroidManifest.xml:21:17-111
88                android:value="com.google.firebase.components.ComponentRegistrar" />
88-->[com.google.firebase:firebase-firestore:25.0.0] AndroidManifest.xml:22:17-82
89            <meta-data
89-->[com.google.firebase:firebase-common-ktx:21.0.0] AndroidManifest.xml:12:13-14:85
90                android:name="com.google.firebase.components:com.google.firebase.ktx.FirebaseCommonLegacyRegistrar"
90-->[com.google.firebase:firebase-common-ktx:21.0.0] AndroidManifest.xml:13:17-116
91                android:value="com.google.firebase.components.ComponentRegistrar" />
91-->[com.google.firebase:firebase-common-ktx:21.0.0] AndroidManifest.xml:14:17-82
92            <meta-data
92-->[com.google.firebase:firebase-common:21.0.0] AndroidManifest.xml:35:13-37:85
93                android:name="com.google.firebase.components:com.google.firebase.FirebaseCommonKtxRegistrar"
93-->[com.google.firebase:firebase-common:21.0.0] AndroidManifest.xml:36:17-109
94                android:value="com.google.firebase.components.ComponentRegistrar" />
94-->[com.google.firebase:firebase-common:21.0.0] AndroidManifest.xml:37:17-82
95        </service>
96
97        <activity
97-->[com.google.firebase:firebase-auth:23.0.0] AndroidManifest.xml:29:9-46:20
98            android:name="com.google.firebase.auth.internal.GenericIdpActivity"
98-->[com.google.firebase:firebase-auth:23.0.0] AndroidManifest.xml:30:13-80
99            android:excludeFromRecents="true"
99-->[com.google.firebase:firebase-auth:23.0.0] AndroidManifest.xml:31:13-46
100            android:exported="true"
100-->[com.google.firebase:firebase-auth:23.0.0] AndroidManifest.xml:32:13-36
101            android:launchMode="singleTask"
101-->[com.google.firebase:firebase-auth:23.0.0] AndroidManifest.xml:33:13-44
102            android:theme="@android:style/Theme.Translucent.NoTitleBar" >
102-->[com.google.firebase:firebase-auth:23.0.0] AndroidManifest.xml:34:13-72
103            <intent-filter>
103-->[com.google.firebase:firebase-auth:23.0.0] AndroidManifest.xml:35:13-45:29
104                <action android:name="android.intent.action.VIEW" />
104-->[com.google.firebase:firebase-auth:23.0.0] AndroidManifest.xml:36:17-69
104-->[com.google.firebase:firebase-auth:23.0.0] AndroidManifest.xml:36:25-66
105
106                <category android:name="android.intent.category.DEFAULT" />
106-->[com.google.firebase:firebase-auth:23.0.0] AndroidManifest.xml:38:17-76
106-->[com.google.firebase:firebase-auth:23.0.0] AndroidManifest.xml:38:27-73
107                <category android:name="android.intent.category.BROWSABLE" />
107-->[com.google.firebase:firebase-auth:23.0.0] AndroidManifest.xml:39:17-78
107-->[com.google.firebase:firebase-auth:23.0.0] AndroidManifest.xml:39:27-75
108
109                <data
109-->[com.google.firebase:firebase-auth:23.0.0] AndroidManifest.xml:41:17-44:51
110                    android:host="firebase.auth"
110-->[com.google.firebase:firebase-auth:23.0.0] AndroidManifest.xml:42:21-49
111                    android:path="/"
111-->[com.google.firebase:firebase-auth:23.0.0] AndroidManifest.xml:43:21-37
112                    android:scheme="genericidp" />
112-->[com.google.firebase:firebase-auth:23.0.0] AndroidManifest.xml:44:21-48
113            </intent-filter>
114        </activity>
115        <activity
115-->[com.google.firebase:firebase-auth:23.0.0] AndroidManifest.xml:47:9-64:20
116            android:name="com.google.firebase.auth.internal.RecaptchaActivity"
116-->[com.google.firebase:firebase-auth:23.0.0] AndroidManifest.xml:48:13-79
117            android:excludeFromRecents="true"
117-->[com.google.firebase:firebase-auth:23.0.0] AndroidManifest.xml:49:13-46
118            android:exported="true"
118-->[com.google.firebase:firebase-auth:23.0.0] AndroidManifest.xml:50:13-36
119            android:launchMode="singleTask"
119-->[com.google.firebase:firebase-auth:23.0.0] AndroidManifest.xml:51:13-44
120            android:theme="@android:style/Theme.Translucent.NoTitleBar" >
120-->[com.google.firebase:firebase-auth:23.0.0] AndroidManifest.xml:52:13-72
121            <intent-filter>
121-->[com.google.firebase:firebase-auth:23.0.0] AndroidManifest.xml:53:13-63:29
122                <action android:name="android.intent.action.VIEW" />
122-->[com.google.firebase:firebase-auth:23.0.0] AndroidManifest.xml:36:17-69
122-->[com.google.firebase:firebase-auth:23.0.0] AndroidManifest.xml:36:25-66
123
124                <category android:name="android.intent.category.DEFAULT" />
124-->[com.google.firebase:firebase-auth:23.0.0] AndroidManifest.xml:38:17-76
124-->[com.google.firebase:firebase-auth:23.0.0] AndroidManifest.xml:38:27-73
125                <category android:name="android.intent.category.BROWSABLE" />
125-->[com.google.firebase:firebase-auth:23.0.0] AndroidManifest.xml:39:17-78
125-->[com.google.firebase:firebase-auth:23.0.0] AndroidManifest.xml:39:27-75
126
127                <data
127-->[com.google.firebase:firebase-auth:23.0.0] AndroidManifest.xml:41:17-44:51
128                    android:host="firebase.auth"
128-->[com.google.firebase:firebase-auth:23.0.0] AndroidManifest.xml:42:21-49
129                    android:path="/"
129-->[com.google.firebase:firebase-auth:23.0.0] AndroidManifest.xml:43:21-37
130                    android:scheme="recaptcha" />
130-->[com.google.firebase:firebase-auth:23.0.0] AndroidManifest.xml:44:21-48
131            </intent-filter>
132        </activity>
133
134        <service
134-->[androidx.credentials:credentials-play-services-auth:1.3.0] AndroidManifest.xml:24:9-32:19
135            android:name="androidx.credentials.playservices.CredentialProviderMetadataHolder"
135-->[androidx.credentials:credentials-play-services-auth:1.3.0] AndroidManifest.xml:25:13-94
136            android:enabled="true"
136-->[androidx.credentials:credentials-play-services-auth:1.3.0] AndroidManifest.xml:26:13-35
137            android:exported="false" >
137-->[androidx.credentials:credentials-play-services-auth:1.3.0] AndroidManifest.xml:27:13-37
138            <meta-data
138-->[androidx.credentials:credentials-play-services-auth:1.3.0] AndroidManifest.xml:29:13-31:104
139                android:name="androidx.credentials.CREDENTIAL_PROVIDER_KEY"
139-->[androidx.credentials:credentials-play-services-auth:1.3.0] AndroidManifest.xml:30:17-76
140                android:value="androidx.credentials.playservices.CredentialProviderPlayServicesImpl" />
140-->[androidx.credentials:credentials-play-services-auth:1.3.0] AndroidManifest.xml:31:17-101
141        </service>
142
143        <activity
143-->[androidx.credentials:credentials-play-services-auth:1.3.0] AndroidManifest.xml:34:9-41:20
144            android:name="androidx.credentials.playservices.HiddenActivity"
144-->[androidx.credentials:credentials-play-services-auth:1.3.0] AndroidManifest.xml:35:13-76
145            android:configChanges="orientation|screenSize|screenLayout|keyboardHidden"
145-->[androidx.credentials:credentials-play-services-auth:1.3.0] AndroidManifest.xml:36:13-87
146            android:enabled="true"
146-->[androidx.credentials:credentials-play-services-auth:1.3.0] AndroidManifest.xml:37:13-35
147            android:exported="false"
147-->[androidx.credentials:credentials-play-services-auth:1.3.0] AndroidManifest.xml:38:13-37
148            android:fitsSystemWindows="true"
148-->[androidx.credentials:credentials-play-services-auth:1.3.0] AndroidManifest.xml:39:13-45
149            android:theme="@style/Theme.Hidden" >
149-->[androidx.credentials:credentials-play-services-auth:1.3.0] AndroidManifest.xml:40:13-48
150        </activity>
151        <activity
151-->[com.google.android.gms:play-services-auth:21.3.0] AndroidManifest.xml:23:9-27:75
152            android:name="com.google.android.gms.auth.api.signin.internal.SignInHubActivity"
152-->[com.google.android.gms:play-services-auth:21.3.0] AndroidManifest.xml:24:13-93
153            android:excludeFromRecents="true"
153-->[com.google.android.gms:play-services-auth:21.3.0] AndroidManifest.xml:25:13-46
154            android:exported="false"
154-->[com.google.android.gms:play-services-auth:21.3.0] AndroidManifest.xml:26:13-37
155            android:theme="@android:style/Theme.Translucent.NoTitleBar" />
155-->[com.google.android.gms:play-services-auth:21.3.0] AndroidManifest.xml:27:13-72
156        <!--
157            Service handling Google Sign-In user revocation. For apps that do not integrate with
158            Google Sign-In, this service will never be started.
159        -->
160        <service
160-->[com.google.android.gms:play-services-auth:21.3.0] AndroidManifest.xml:33:9-37:51
161            android:name="com.google.android.gms.auth.api.signin.RevocationBoundService"
161-->[com.google.android.gms:play-services-auth:21.3.0] AndroidManifest.xml:34:13-89
162            android:exported="true"
162-->[com.google.android.gms:play-services-auth:21.3.0] AndroidManifest.xml:35:13-36
163            android:permission="com.google.android.gms.auth.api.signin.permission.REVOCATION_NOTIFICATION"
163-->[com.google.android.gms:play-services-auth:21.3.0] AndroidManifest.xml:36:13-107
164            android:visibleToInstantApps="true" />
164-->[com.google.android.gms:play-services-auth:21.3.0] AndroidManifest.xml:37:13-48
165
166        <activity
166-->[com.google.android.gms:play-services-base:18.5.0] AndroidManifest.xml:5:9-173
167            android:name="com.google.android.gms.common.api.GoogleApiActivity"
167-->[com.google.android.gms:play-services-base:18.5.0] AndroidManifest.xml:5:19-85
168            android:exported="false"
168-->[com.google.android.gms:play-services-base:18.5.0] AndroidManifest.xml:5:146-170
169            android:theme="@android:style/Theme.Translucent.NoTitleBar" />
169-->[com.google.android.gms:play-services-base:18.5.0] AndroidManifest.xml:5:86-145
170
171        <provider
171-->[com.google.firebase:firebase-common:21.0.0] AndroidManifest.xml:23:9-28:39
172            android:name="com.google.firebase.provider.FirebaseInitProvider"
172-->[com.google.firebase:firebase-common:21.0.0] AndroidManifest.xml:24:13-77
173            android:authorities="com.aistudio.pinangflow.kwgbyz.firebaseinitprovider"
173-->[com.google.firebase:firebase-common:21.0.0] AndroidManifest.xml:25:13-72
174            android:directBootAware="true"
174-->[com.google.firebase:firebase-common:21.0.0] AndroidManifest.xml:26:13-43
175            android:exported="false"
175-->[com.google.firebase:firebase-common:21.0.0] AndroidManifest.xml:27:13-37
176            android:initOrder="100" />
176-->[com.google.firebase:firebase-common:21.0.0] AndroidManifest.xml:28:13-36
177
178        <service
178-->[androidx.room:room-runtime:2.6.1] AndroidManifest.xml:24:9-28:63
179            android:name="androidx.room.MultiInstanceInvalidationService"
179-->[androidx.room:room-runtime:2.6.1] AndroidManifest.xml:25:13-74
180            android:directBootAware="true"
180-->[androidx.room:room-runtime:2.6.1] AndroidManifest.xml:26:13-43
181            android:exported="false" />
181-->[androidx.room:room-runtime:2.6.1] AndroidManifest.xml:27:13-37
182        <service
182-->[androidx.work:work-runtime:2.10.0] AndroidManifest.xml:39:9-45:35
183            android:name="androidx.work.impl.background.systemalarm.SystemAlarmService"
183-->[androidx.work:work-runtime:2.10.0] AndroidManifest.xml:40:13-88
184            android:directBootAware="false"
184-->[androidx.work:work-runtime:2.10.0] AndroidManifest.xml:41:13-44
185            android:enabled="@bool/enable_system_alarm_service_default"
185-->[androidx.work:work-runtime:2.10.0] AndroidManifest.xml:42:13-72
186            android:exported="false" />
186-->[androidx.work:work-runtime:2.10.0] AndroidManifest.xml:43:13-37
187        <service
187-->[androidx.work:work-runtime:2.10.0] AndroidManifest.xml:46:9-52:35
188            android:name="androidx.work.impl.background.systemjob.SystemJobService"
188-->[androidx.work:work-runtime:2.10.0] AndroidManifest.xml:47:13-84
189            android:directBootAware="false"
189-->[androidx.work:work-runtime:2.10.0] AndroidManifest.xml:48:13-44
190            android:enabled="@bool/enable_system_job_service_default"
190-->[androidx.work:work-runtime:2.10.0] AndroidManifest.xml:49:13-70
191            android:exported="true"
191-->[androidx.work:work-runtime:2.10.0] AndroidManifest.xml:50:13-36
192            android:permission="android.permission.BIND_JOB_SERVICE" />
192-->[androidx.work:work-runtime:2.10.0] AndroidManifest.xml:51:13-69
193        <service
193-->[androidx.work:work-runtime:2.10.0] AndroidManifest.xml:53:9-59:35
194            android:name="androidx.work.impl.foreground.SystemForegroundService"
194-->[androidx.work:work-runtime:2.10.0] AndroidManifest.xml:54:13-81
195            android:directBootAware="false"
195-->[androidx.work:work-runtime:2.10.0] AndroidManifest.xml:55:13-44
196            android:enabled="@bool/enable_system_foreground_service_default"
196-->[androidx.work:work-runtime:2.10.0] AndroidManifest.xml:56:13-77
197            android:exported="false" />
197-->[androidx.work:work-runtime:2.10.0] AndroidManifest.xml:57:13-37
198
199        <receiver
199-->[androidx.work:work-runtime:2.10.0] AndroidManifest.xml:61:9-66:35
200            android:name="androidx.work.impl.utils.ForceStopRunnable$BroadcastReceiver"
200-->[androidx.work:work-runtime:2.10.0] AndroidManifest.xml:62:13-88
201            android:directBootAware="false"
201-->[androidx.work:work-runtime:2.10.0] AndroidManifest.xml:63:13-44
202            android:enabled="true"
202-->[androidx.work:work-runtime:2.10.0] AndroidManifest.xml:64:13-35
203            android:exported="false" />
203-->[androidx.work:work-runtime:2.10.0] AndroidManifest.xml:65:13-37
204        <receiver
204-->[androidx.work:work-runtime:2.10.0] AndroidManifest.xml:67:9-77:20
205            android:name="androidx.work.impl.background.systemalarm.ConstraintProxy$BatteryChargingProxy"
205-->[androidx.work:work-runtime:2.10.0] AndroidManifest.xml:68:13-106
206            android:directBootAware="false"
206-->[androidx.work:work-runtime:2.10.0] AndroidManifest.xml:69:13-44
207            android:enabled="false"
207-->[androidx.work:work-runtime:2.10.0] AndroidManifest.xml:70:13-36
208            android:exported="false" >
208-->[androidx.work:work-runtime:2.10.0] AndroidManifest.xml:71:13-37
209            <intent-filter>
209-->[androidx.work:work-runtime:2.10.0] AndroidManifest.xml:73:13-76:29
210                <action android:name="android.intent.action.ACTION_POWER_CONNECTED" />
210-->[androidx.work:work-runtime:2.10.0] AndroidManifest.xml:74:17-87
210-->[androidx.work:work-runtime:2.10.0] AndroidManifest.xml:74:25-84
211                <action android:name="android.intent.action.ACTION_POWER_DISCONNECTED" />
211-->[androidx.work:work-runtime:2.10.0] AndroidManifest.xml:75:17-90
211-->[androidx.work:work-runtime:2.10.0] AndroidManifest.xml:75:25-87
212            </intent-filter>
213        </receiver>
214        <receiver
214-->[androidx.work:work-runtime:2.10.0] AndroidManifest.xml:78:9-88:20
215            android:name="androidx.work.impl.background.systemalarm.ConstraintProxy$BatteryNotLowProxy"
215-->[androidx.work:work-runtime:2.10.0] AndroidManifest.xml:79:13-104
216            android:directBootAware="false"
216-->[androidx.work:work-runtime:2.10.0] AndroidManifest.xml:80:13-44
217            android:enabled="false"
217-->[androidx.work:work-runtime:2.10.0] AndroidManifest.xml:81:13-36
218            android:exported="false" >
218-->[androidx.work:work-runtime:2.10.0] AndroidManifest.xml:82:13-37
219            <intent-filter>
219-->[androidx.work:work-runtime:2.10.0] AndroidManifest.xml:84:13-87:29
220                <action android:name="android.intent.action.BATTERY_OKAY" />
220-->[androidx.work:work-runtime:2.10.0] AndroidManifest.xml:85:17-77
220-->[androidx.work:work-runtime:2.10.0] AndroidManifest.xml:85:25-74
221                <action android:name="android.intent.action.BATTERY_LOW" />
221-->[androidx.work:work-runtime:2.10.0] AndroidManifest.xml:86:17-76
221-->[androidx.work:work-runtime:2.10.0] AndroidManifest.xml:86:25-73
222            </intent-filter>
223        </receiver>
224        <receiver
224-->[androidx.work:work-runtime:2.10.0] AndroidManifest.xml:89:9-99:20
225            android:name="androidx.work.impl.background.systemalarm.ConstraintProxy$StorageNotLowProxy"
225-->[androidx.work:work-runtime:2.10.0] AndroidManifest.xml:90:13-104
226            android:directBootAware="false"
226-->[androidx.work:work-runtime:2.10.0] AndroidManifest.xml:91:13-44
227            android:enabled="false"
227-->[androidx.work:work-runtime:2.10.0] AndroidManifest.xml:92:13-36
228            android:exported="false" >
228-->[androidx.work:work-runtime:2.10.0] AndroidManifest.xml:93:13-37
229            <intent-filter>
229-->[androidx.work:work-runtime:2.10.0] AndroidManifest.xml:95:13-98:29
230                <action android:name="android.intent.action.DEVICE_STORAGE_LOW" />
230-->[androidx.work:work-runtime:2.10.0] AndroidManifest.xml:96:17-83
230-->[androidx.work:work-runtime:2.10.0] AndroidManifest.xml:96:25-80
231                <action android:name="android.intent.action.DEVICE_STORAGE_OK" />
231-->[androidx.work:work-runtime:2.10.0] AndroidManifest.xml:97:17-82
231-->[androidx.work:work-runtime:2.10.0] AndroidManifest.xml:97:25-79
232            </intent-filter>
233        </receiver>
234        <receiver
234-->[androidx.work:work-runtime:2.10.0] AndroidManifest.xml:100:9-109:20
235            android:name="androidx.work.impl.background.systemalarm.ConstraintProxy$NetworkStateProxy"
235-->[androidx.work:work-runtime:2.10.0] AndroidManifest.xml:101:13-103
236            android:directBootAware="false"
236-->[androidx.work:work-runtime:2.10.0] AndroidManifest.xml:102:13-44
237            android:enabled="false"
237-->[androidx.work:work-runtime:2.10.0] AndroidManifest.xml:103:13-36
238            android:exported="false" >
238-->[androidx.work:work-runtime:2.10.0] AndroidManifest.xml:104:13-37
239            <intent-filter>
239-->[androidx.work:work-runtime:2.10.0] AndroidManifest.xml:106:13-108:29
240                <action android:name="android.net.conn.CONNECTIVITY_CHANGE" />
240-->[androidx.work:work-runtime:2.10.0] AndroidManifest.xml:107:17-79
240-->[androidx.work:work-runtime:2.10.0] AndroidManifest.xml:107:25-76
241            </intent-filter>
242        </receiver>
243        <receiver
243-->[androidx.work:work-runtime:2.10.0] AndroidManifest.xml:110:9-121:20
244            android:name="androidx.work.impl.background.systemalarm.RescheduleReceiver"
244-->[androidx.work:work-runtime:2.10.0] AndroidManifest.xml:111:13-88
245            android:directBootAware="false"
245-->[androidx.work:work-runtime:2.10.0] AndroidManifest.xml:112:13-44
246            android:enabled="false"
246-->[androidx.work:work-runtime:2.10.0] AndroidManifest.xml:113:13-36
247            android:exported="false" >
247-->[androidx.work:work-runtime:2.10.0] AndroidManifest.xml:114:13-37
248            <intent-filter>
248-->[androidx.work:work-runtime:2.10.0] AndroidManifest.xml:116:13-120:29
249                <action android:name="android.intent.action.BOOT_COMPLETED" />
249-->[androidx.work:work-runtime:2.10.0] AndroidManifest.xml:117:17-79
249-->[androidx.work:work-runtime:2.10.0] AndroidManifest.xml:117:25-76
250                <action android:name="android.intent.action.TIME_SET" />
250-->[androidx.work:work-runtime:2.10.0] AndroidManifest.xml:118:17-73
250-->[androidx.work:work-runtime:2.10.0] AndroidManifest.xml:118:25-70
251                <action android:name="android.intent.action.TIMEZONE_CHANGED" />
251-->[androidx.work:work-runtime:2.10.0] AndroidManifest.xml:119:17-81
251-->[androidx.work:work-runtime:2.10.0] AndroidManifest.xml:119:25-78
252            </intent-filter>
253        </receiver>
254        <receiver
254-->[androidx.work:work-runtime:2.10.0] AndroidManifest.xml:122:9-131:20
255            android:name="androidx.work.impl.background.systemalarm.ConstraintProxyUpdateReceiver"
255-->[androidx.work:work-runtime:2.10.0] AndroidManifest.xml:123:13-99
256            android:directBootAware="false"
256-->[androidx.work:work-runtime:2.10.0] AndroidManifest.xml:124:13-44
257            android:enabled="@bool/enable_system_alarm_service_default"
257-->[androidx.work:work-runtime:2.10.0] AndroidManifest.xml:125:13-72
258            android:exported="false" >
258-->[androidx.work:work-runtime:2.10.0] AndroidManifest.xml:126:13-37
259            <intent-filter>
259-->[androidx.work:work-runtime:2.10.0] AndroidManifest.xml:128:13-130:29
260                <action android:name="androidx.work.impl.background.systemalarm.UpdateProxies" />
260-->[androidx.work:work-runtime:2.10.0] AndroidManifest.xml:129:17-98
260-->[androidx.work:work-runtime:2.10.0] AndroidManifest.xml:129:25-95